
> nextjs-website@0.1.0 dev
> next dev --port 3333 --hostname 0.0.0.0 --port 3333

   ▲ Next.js 15.4.1
   - Local:        http://localhost:3333
   - Network:      http://0.0.0.0:3333

 ✓ Starting...
 ✓ Ready in 2.7s
 ○ Compiling /_not-found ...
 ✓ Compiled /_not-found in 12.4s (614 modules)
 GET / 200 in 13034ms
 ⚠ Fast Refresh had to perform a full reload due to a runtime error.
 GET /_next/static/webpack/fabc20a14dfa4dca.webpack.hot-update.json 404 in 13401ms
 GET / 200 in 200ms
 ○ Compiling /favicon.ico ...
 ✓ Compiled /favicon.ico in 629ms (371 modules)
 GET /favicon.ico 200 in 859ms
 GET / 200 in 418ms
 GET / 200 in 116ms
 GET /favicon.ico 200 in 26ms
 GET / 200 in 165ms
 GET / 200 in 117ms
 GET / 200 in 187ms
 GET /favicon.ico 200 in 40ms
 GET / 200 in 185ms
 GET /favicon.ico 200 in 53ms
 GET / 200 in 174ms
 GET / 200 in 147ms
 GET /favicon.ico 200 in 19ms
 ✓ Compiled in 1305ms (626 modules)
 GET / 200 in 194ms
 GET / 200 in 34ms
 ✓ Compiled in 784ms (609 modules)
 GET / 200 in 291ms
 GET / 200 in 45ms
 ✓ Compiled in 948ms (609 modules)
 GET / 200 in 115ms
 GET / 200 in 34ms
 ✓ Compiled in 479ms (609 modules)
 GET / 200 in 164ms
 GET / 200 in 266ms
 ○ Compiling /favicon.ico ...
 ✓ Compiled /favicon.ico in 834ms (370 modules)
 GET /favicon.ico 200 in 1165ms
 GET / 200 in 525ms
 GET /favicon.ico 200 in 63ms
 GET / 200 in 208ms
 GET / 200 in 186ms
 GET / 200 in 111ms
 GET /favicon.ico 200 in 1294ms
 GET / 200 in 88ms
 GET /favicon.ico 200 in 7ms
 GET / 200 in 90ms
